# JRE version: OpenJDK Runtime Environment (8.0_102-b14) (build 1.8.0_102-b14)
# Java VM: OpenJDK 64-Bit Server VM (25.102-b14 mixed mode linux-amd64 compressed oops)
Heap:
 PSYoungGen      total 74752K, used 43810K [0x000000076cd80000, 0x0000000772080000, 0x00000007c0000000)
  eden space 64512K, 59% used [0x000000076cd80000,0x000000076f31ae58,0x0000000770c80000)
  from space 10240K, 51% used [0x0000000771680000,0x0000000771badad8,0x0000000772080000)
  to   space 10240K, 0% used [0x0000000770c80000,0x0000000770c80000,0x0000000771680000)
 ParOldGen       total 171008K, used 24K [0x00000006c6800000, 0x00000006d0f00000, 0x000000076cd80000)
  object space 171008K, 0% used [0x00000006c6800000,0x00000006c6806000,0x00000006d0f00000)
 Metaspace       used 20369K, capacity 20610K, committed 20864K, reserved 1069056K
  class space    used 2094K, capacity 2162K, committed 2176K, reserved 1048576K
GC Heap History (4 events):
Event: 49.642 GC heap before
{Heap before GC invocations=1 (full 0):
 PSYoungGen      total 74752K, used 64512K [0x000000076cd80000, 0x0000000772080000, 0x00000007c0000000)
  eden space 64512K, 100% used [0x000000076cd80000,0x0000000770c80000,0x0000000770c80000)
  from space 10240K, 0% used [0x0000000771680000,0x0000000771680000,0x0000000772080000)
  to   space 10240K, 0% used [0x0000000770c80000,0x0000000770c80000,0x0000000771680000)
 ParOldGen       total 171008K, used 0K [0x00000006c6800000, 0x00000006d0f00000, 0x000000076cd80000)
  object space 171008K, 0% used [0x00000006c6800000,0x00000006c6800000,0x00000006d0f00000)
 Metaspace       used 20190K, capacity 20418K, committed 20864K, reserved 1069056K
  class space    used 2087K, capacity 2162K, committed 2176K, reserved 1048576K
Event: 49.663 GC heap after
Heap after GC invocations=1 (full 0):
 PSYoungGen      total 74752K, used 7771K [0x000000076cd80000, 0x0000000772080000, 0x00000007c0000000)
  eden space 64512K, 0% used [0x000000076cd80000,0x000000076cd80000,0x0000000770c80000)
  from space 10240K, 75% used [0x0000000770c80000,0x0000000771416f98,0x0000000771680000)
  to   space 10240K, 0% used [0x0000000771680000,0x0000000771680000,0x0000000772080000)
 ParOldGen       total 171008K, used 16K [0x00000006c6800000, 0x00000006d0f00000, 0x000000076cd80000)
  object space 171008K, 0% used [0x00000006c6800000,0x00000006c6804000,0x00000006d0f00000)
 Metaspace       used 20190K, capacity 20418K, committed 20864K, reserved 1069056K
  class space    used 2087K, capacity 2162K, committed 2176K, reserved 1048576K
}
Event: 351.342 GC heap before
{Heap before GC invocations=2 (full 0):
 PSYoungGen      total 74752K, used 72283K [0x000000076cd80000, 0x0000000772080000, 0x00000007c0000000)
  eden space 64512K, 100% used [0x000000076cd80000,0x0000000770c80000,0x0000000770c80000)
  from space 10240K, 75% used [0x0000000770c80000,0x0000000771416f98,0x0000000771680000)
  to   space 10240K, 0% used [0x0000000771680000,0x0000000771680000,0x0000000772080000)
 ParOldGen       total 171008K, used 16K [0x00000006c6800000, 0x00000006d0f00000, 0x000000076cd80000)
  object space 171008K, 0% used [0x00000006c6800000,0x00000006c6804000,0x00000006d0f00000)
 Metaspace       used 20334K, capacity 20546K, committed 20864K, reserved 1069056K
  class space    used 2091K, capacity 2162K, committed 2176K, reserved 1048576K
Event: 351.357 GC heap after
Heap after GC invocations=2 (full 0):
 PSYoungGen      total 74752K, used 5302K [0x000000076cd80000, 0x0000000772080000, 0x00000007c0000000)
  eden space 64512K, 0% used [0x000000076cd80000,0x000000076cd80000,0x0000000770c80000)
  from space 10240K, 51% used [0x0000000771680000,0x0000000771badad8,0x0000000772080000)
  to   space 10240K, 0% used [0x0000000770c80000,0x0000000770c80000,0x0000000771680000)
 ParOldGen       total 171008K, used 24K [0x00000006c6800000, 0x00000006d0f00000, 0x000000076cd80000)
  object space 171008K, 0% used [0x00000006c6800000,0x00000006c6806000,0x00000006d0f00000)
 Metaspace       used 20334K, capacity 20546K, committed 20864K, reserved 1069056K
  class space    used 2091K, capacity 2162K, committed 2176K, reserved 1048576K
}

